<?xml version="1.0" encoding="UTF-8"?>
<testng-results ignored="0" total="1" passed="1" failed="0" skipped="0">
  <reporter-output>
  </reporter-output>
  <suite started-at="2022-11-30T09:34:50 IST" name="Suite" finished-at="2022-11-30T09:34:50 IST" duration-ms="28">
    <groups>
    </groups>
    <test started-at="2022-11-30T09:34:50 IST" name="Test" finished-at="2022-11-30T09:34:50 IST" duration-ms="28">
      <class name="assignment.JenkinAssignment">
        <test-method signature="concatWord()[pri:0, instance:assignment.JenkinAssignment@fa49800]" started-at="2022-11-30T09:34:50 IST" name="concatWord" finished-at="2022-11-30T09:34:50 IST" duration-ms="5" status="PASS">
          <reporter-output>
          </reporter-output>
        </test-method> <!-- concatWord -->
      </class> <!-- assignment.JenkinAssignment -->
    </test> <!-- Test -->
  </suite> <!-- Suite -->
</testng-results>
